2023-01-04 21:45:25.535  INFO 2429 --- [main] g.tech.gtbookclub.GtBookClubApplication  : Starting GtBookClubApplication v0.0.1-SNAPSHOT using Java 11.0.15 on runyus-MBP with PID 2429 (/Users/runyu/Documents/coding-assessment/gt-assessment/gt-book-club/gt-book-club/target/gt-book-club-0.0.1-SNAPSHOT.jar started by admin in /Users/runyu/Documents/coding-assessment/gt-assessment/gt-book-club/gt-book-club)
2023-01-04 21:45:25.542  INFO 2429 --- [main] g.tech.gtbookclub.GtBookClubApplication  : The following profiles are active: dev
2023-01-04 21:45:26.595  INFO 2429 --- [main] .s.d.r.c.RepositoryConfigurationDelegate : Bootstrapping Spring Data MongoDB repositories in DEFAULT mode.
2023-01-04 21:45:26.654  INFO 2429 --- [main] .s.d.r.c.RepositoryConfigurationDelegate : Finished Spring Data repository scanning in 53 ms. Found 2 MongoDB repository interfaces.
2023-01-04 21:45:26.962  INFO 2429 --- [main] trationDelegate$BeanPostProcessorChecker : Bean 'org.springframework.security.access.expression.method.DefaultMethodSecurityExpressionHandler@c5ee75e' of type [org.springframework.security.access.expression.method.DefaultMethodSecurityExpressionHandler] is not eligible for getting processed by all BeanPostProcessors (for example: not eligible for auto-proxying)
2023-01-04 21:45:26.966  INFO 2429 --- [main] trationDelegate$BeanPostProcessorChecker : Bean 'methodSecurityMetadataSource' of type [org.springframework.security.access.method.DelegatingMethodSecurityMetadataSource] is not eligible for getting processed by all BeanPostProcessors (for example: not eligible for auto-proxying)
2023-01-04 21:45:27.269  INFO 2429 --- [main] o.s.b.w.embedded.tomcat.TomcatWebServer  : Tomcat initialized with port(s): 8091 (http)
2023-01-04 21:45:27.281  INFO 2429 --- [main] o.apache.catalina.core.StandardService   : Starting service [Tomcat]
2023-01-04 21:45:27.281  INFO 2429 --- [main] org.apache.catalina.core.StandardEngine  : Starting Servlet engine: [Apache Tomcat/9.0.53]
2023-01-04 21:45:27.342  INFO 2429 --- [main] o.a.c.c.C.[Tomcat].[localhost].[/]       : Initializing Spring embedded WebApplicationContext
2023-01-04 21:45:27.343  INFO 2429 --- [main] w.s.c.ServletWebServerApplicationContext : Root WebApplicationContext: initialization completed in 1720 ms
2023-01-04 21:45:27.532  INFO 2429 --- [main] org.mongodb.driver.cluster               : Cluster created with settings {hosts=[localhost:27017], mode=SINGLE, requiredClusterType=UNKNOWN, serverSelectionTimeout='30000 ms'}
2023-01-04 21:45:27.602  INFO 2429 --- [cluster-ClusterId{value='63b582f7c1411e289573b018', description='null'}-localhost:27017] org.mongodb.driver.connection            : Opened connection [connectionId{localValue:1, serverValue:46}] to localhost:27017
2023-01-04 21:45:27.602  INFO 2429 --- [cluster-rtt-ClusterId{value='63b582f7c1411e289573b018', description='null'}-localhost:27017] org.mongodb.driver.connection            : Opened connection [connectionId{localValue:2, serverValue:45}] to localhost:27017
2023-01-04 21:45:27.604  INFO 2429 --- [cluster-ClusterId{value='63b582f7c1411e289573b018', description='null'}-localhost:27017] org.mongodb.driver.cluster               : Monitor thread successfully connected to server with description ServerDescription{address=localhost:27017, type=STANDALONE, state=CONNECTED, ok=true, minWireVersion=0, maxWireVersion=17, maxDocumentSize=16777216, logicalSessionTimeoutMinutes=30, roundTripTimeNanos=19079616}
2023-01-04 21:45:27.828  INFO 2429 --- [main] org.mongodb.driver.connection            : Opened connection [connectionId{localValue:3, serverValue:47}] to localhost:27017
2023-01-04 21:45:28.810  INFO 2429 --- [main] o.s.s.web.DefaultSecurityFilterChain     : Will secure any request with [org.springframework.security.web.context.request.async.WebAsyncManagerIntegrationFilter@33db72bd, org.springframework.security.web.context.SecurityContextPersistenceFilter@5f18f9d2, org.springframework.security.web.header.HeaderWriterFilter@5c9ac4cc, org.springframework.security.web.authentication.logout.LogoutFilter@38018b62, gov.tech.gtbookclub.security.JwtRequestFilter@14bae047, org.springframework.security.web.authentication.www.BasicAuthenticationFilter@1a480135, org.springframework.security.web.savedrequest.RequestCacheAwareFilter@58b67519, org.springframework.security.web.servletapi.SecurityContextHolderAwareRequestFilter@7a1f8def, org.springframework.security.web.authentication.AnonymousAuthenticationFilter@7f92b990, org.springframework.security.web.session.SessionManagementFilter@65ec8b24, org.springframework.security.web.access.ExceptionTranslationFilter@6ac0b715, org.springframework.security.web.access.intercept.FilterSecurityInterceptor@1de6932a]
2023-01-04 21:45:28.864  INFO 2429 --- [main] o.s.b.w.embedded.tomcat.TomcatWebServer  : Tomcat started on port(s): 8091 (http) with context path ''
2023-01-04 21:45:28.865  INFO 2429 --- [main] d.s.w.p.DocumentationPluginsBootstrapper : Context refreshed
2023-01-04 21:45:28.888  INFO 2429 --- [main] d.s.w.p.DocumentationPluginsBootstrapper : Found 1 custom documentation plugin(s)
2023-01-04 21:45:28.908  INFO 2429 --- [main] s.d.s.w.s.ApiListingReferenceScanner     : Scanning for api listing references
2023-01-04 21:45:29.109  INFO 2429 --- [main] g.tech.gtbookclub.GtBookClubApplication  : Started GtBookClubApplication in 4.174 seconds (JVM running for 4.758)
2023-01-04 21:47:41.533  INFO 2429 --- [http-nio-8091-exec-1] o.a.c.c.C.[Tomcat].[localhost].[/]       : Initializing Spring DispatcherServlet 'dispatcherServlet'
2023-01-04 21:47:41.533  INFO 2429 --- [http-nio-8091-exec-1] o.s.web.servlet.DispatcherServlet        : Initializing Servlet 'dispatcherServlet'
2023-01-04 21:47:41.536  INFO 2429 --- [http-nio-8091-exec-1] o.s.web.servlet.DispatcherServlet        : Completed initialization in 2 ms
