2023-01-04 22:10:27.292  INFO 2429 --- [SpringApplicationShutdownHook] org.mongodb.driver.connection            : Closed connection [connectionId{localValue:3, serverValue:47}] to localhost:27017 because the pool has been closed.
2023-01-04 23:33:53.493  INFO 5483 --- [restartedMain] g.tech.gtbookclub.GtBookClubApplication  : Starting GtBookClubApplication using Java 11.0.15 on runyus-MBP with PID 5483 (/Users/runyu/Documents/coding-assessment/gt-assessment/gt-book-club/target/classes started by admin in /Users/runyu/Documents/coding-assessment/gt-assessment/gt-book-club)
2023-01-04 23:33:53.495  INFO 5483 --- [restartedMain] g.tech.gtbookclub.GtBookClubApplication  : The following profiles are active: dev
2023-01-04 23:33:53.537  INFO 5483 --- [restartedMain] o.s.b.devtools.restart.ChangeableUrls    : The Class-Path manifest attribute in /Users/runyu/.m2/repository/com/sun/xml/bind/jaxb-impl/2.2.5-b10/jaxb-impl-2.2.5-b10.jar referenced one or more files that do not exist: file:/Users/runyu/.m2/repository/com/sun/xml/bind/jaxb-impl/2.2.5-b10/jaxb-api.jar,file:/Users/runyu/.m2/repository/com/sun/xml/bind/jaxb-impl/2.2.5-b10/activation.jar,file:/Users/runyu/.m2/repository/com/sun/xml/bind/jaxb-impl/2.2.5-b10/jsr173_1.0_api.jar,file:/Users/runyu/.m2/repository/com/sun/xml/bind/jaxb-impl/2.2.5-b10/jaxb1-impl.jar
2023-01-04 23:33:53.538  INFO 5483 --- [restartedMain] .e.DevToolsPropertyDefaultsPostProcessor : Devtools property defaults active! Set 'spring.devtools.add-properties' to 'false' to disable
2023-01-04 23:33:53.538  INFO 5483 --- [restartedMain] .e.DevToolsPropertyDefaultsPostProcessor : For additional web related logging consider setting the 'logging.level.web' property to 'DEBUG'
2023-01-04 23:33:54.305  INFO 5483 --- [restartedMain] .s.d.r.c.RepositoryConfigurationDelegate : Bootstrapping Spring Data MongoDB repositories in DEFAULT mode.
2023-01-04 23:33:54.346  INFO 5483 --- [restartedMain] .s.d.r.c.RepositoryConfigurationDelegate : Finished Spring Data repository scanning in 37 ms. Found 2 MongoDB repository interfaces.
2023-01-04 23:33:54.587  INFO 5483 --- [restartedMain] trationDelegate$BeanPostProcessorChecker : Bean 'org.springframework.security.access.expression.method.DefaultMethodSecurityExpressionHandler@1d549e7a' of type [org.springframework.security.access.expression.method.DefaultMethodSecurityExpressionHandler] is not eligible for getting processed by all BeanPostProcessors (for example: not eligible for auto-proxying)
2023-01-04 23:33:54.590  INFO 5483 --- [restartedMain] trationDelegate$BeanPostProcessorChecker : Bean 'methodSecurityMetadataSource' of type [org.springframework.security.access.method.DelegatingMethodSecurityMetadataSource] is not eligible for getting processed by all BeanPostProcessors (for example: not eligible for auto-proxying)
2023-01-04 23:33:54.830  INFO 5483 --- [restartedMain] o.s.b.w.embedded.tomcat.TomcatWebServer  : Tomcat initialized with port(s): 8091 (http)
2023-01-04 23:33:54.839  INFO 5483 --- [restartedMain] o.apache.catalina.core.StandardService   : Starting service [Tomcat]
2023-01-04 23:33:54.839  INFO 5483 --- [restartedMain] org.apache.catalina.core.StandardEngine  : Starting Servlet engine: [Apache Tomcat/9.0.53]
2023-01-04 23:33:54.886  INFO 5483 --- [restartedMain] o.a.c.c.C.[Tomcat].[localhost].[/]       : Initializing Spring embedded WebApplicationContext
2023-01-04 23:33:54.886  INFO 5483 --- [restartedMain] w.s.c.ServletWebServerApplicationContext : Root WebApplicationContext: initialization completed in 1348 ms
2023-01-04 23:33:55.008  INFO 5483 --- [restartedMain] org.mongodb.driver.cluster               : Cluster created with settings {hosts=[localhost:27017], mode=SINGLE, requiredClusterType=UNKNOWN, serverSelectionTimeout='30000 ms'}
2023-01-04 23:33:55.118  INFO 5483 --- [cluster-rtt-ClusterId{value='63b59c63f86fb421e0460e35', description='null'}-localhost:27017] org.mongodb.driver.connection            : Opened connection [connectionId{localValue:1, serverValue:49}] to localhost:27017
2023-01-04 23:33:55.118  INFO 5483 --- [cluster-ClusterId{value='63b59c63f86fb421e0460e35', description='null'}-localhost:27017] org.mongodb.driver.connection            : Opened connection [connectionId{localValue:2, serverValue:48}] to localhost:27017
2023-01-04 23:33:55.119  INFO 5483 --- [cluster-ClusterId{value='63b59c63f86fb421e0460e35', description='null'}-localhost:27017] org.mongodb.driver.cluster               : Monitor thread successfully connected to server with description ServerDescription{address=localhost:27017, type=STANDALONE, state=CONNECTED, ok=true, minWireVersion=0, maxWireVersion=17, maxDocumentSize=16777216, logicalSessionTimeoutMinutes=30, roundTripTimeNanos=84527037}
2023-01-04 23:33:55.207  INFO 5483 --- [restartedMain] org.mongodb.driver.connection            : Opened connection [connectionId{localValue:3, serverValue:50}] to localhost:27017
2023-01-04 23:33:55.390  INFO 5483 --- [restartedMain] o.s.b.d.a.OptionalLiveReloadServer       : LiveReload server is running on port 35729
2023-01-04 23:33:56.042  INFO 5483 --- [restartedMain] o.s.s.web.DefaultSecurityFilterChain     : Will secure any request with [org.springframework.security.web.context.request.async.WebAsyncManagerIntegrationFilter@1d5794c9, org.springframework.security.web.context.SecurityContextPersistenceFilter@6ecd1767, org.springframework.security.web.header.HeaderWriterFilter@3902c78a, org.springframework.security.web.authentication.logout.LogoutFilter@71e03d0b, gov.tech.gtbookclub.security.JwtRequestFilter@482c896d, org.springframework.security.web.authentication.www.BasicAuthenticationFilter@5adbe6f8, org.springframework.security.web.savedrequest.RequestCacheAwareFilter@418f43ac, org.springframework.security.web.servletapi.SecurityContextHolderAwareRequestFilter@50c2e4be, org.springframework.security.web.authentication.AnonymousAuthenticationFilter@79aed5a4, org.springframework.security.web.session.SessionManagementFilter@30b3f26c, org.springframework.security.web.access.ExceptionTranslationFilter@2da7eb4f, org.springframework.security.web.access.intercept.FilterSecurityInterceptor@7a57c7cb]
2023-01-04 23:33:56.126  INFO 5483 --- [restartedMain] o.s.b.w.embedded.tomcat.TomcatWebServer  : Tomcat started on port(s): 8091 (http) with context path ''
2023-01-04 23:33:56.128  INFO 5483 --- [restartedMain] d.s.w.p.DocumentationPluginsBootstrapper : Context refreshed
2023-01-04 23:33:56.139  INFO 5483 --- [restartedMain] d.s.w.p.DocumentationPluginsBootstrapper : Found 1 custom documentation plugin(s)
2023-01-04 23:33:56.147  INFO 5483 --- [restartedMain] s.d.s.w.s.ApiListingReferenceScanner     : Scanning for api listing references
2023-01-04 23:33:56.337  INFO 5483 --- [restartedMain] g.tech.gtbookclub.GtBookClubApplication  : Started GtBookClubApplication in 3.232 seconds (JVM running for 3.889)
2023-01-04 23:34:00.661  INFO 5483 --- [SpringApplicationShutdownHook] org.mongodb.driver.connection            : Closed connection [connectionId{localValue:3, serverValue:50}] to localhost:27017 because the pool has been closed.
2023-01-04 23:55:32.391  INFO 6631 --- [restartedMain] g.tech.gtbookclub.GtBookClubApplication  : Starting GtBookClubApplication using Java 11.0.15 on runyus-MBP with PID 6631 (/Users/runyu/Documents/coding-assessment/gt-book-club/gt-book-club/target/classes started by admin in /Users/runyu/Documents/coding-assessment/gt-book-club/gt-book-club)
2023-01-04 23:55:32.394  INFO 6631 --- [restartedMain] g.tech.gtbookclub.GtBookClubApplication  : The following profiles are active: dev
2023-01-04 23:55:32.431  INFO 6631 --- [restartedMain] o.s.b.devtools.restart.ChangeableUrls    : The Class-Path manifest attribute in /Users/runyu/.m2/repository/com/sun/xml/bind/jaxb-impl/2.2.5-b10/jaxb-impl-2.2.5-b10.jar referenced one or more files that do not exist: file:/Users/runyu/.m2/repository/com/sun/xml/bind/jaxb-impl/2.2.5-b10/jaxb-api.jar,file:/Users/runyu/.m2/repository/com/sun/xml/bind/jaxb-impl/2.2.5-b10/activation.jar,file:/Users/runyu/.m2/repository/com/sun/xml/bind/jaxb-impl/2.2.5-b10/jsr173_1.0_api.jar,file:/Users/runyu/.m2/repository/com/sun/xml/bind/jaxb-impl/2.2.5-b10/jaxb1-impl.jar
2023-01-04 23:55:32.431  INFO 6631 --- [restartedMain] .e.DevToolsPropertyDefaultsPostProcessor : Devtools property defaults active! Set 'spring.devtools.add-properties' to 'false' to disable
2023-01-04 23:55:32.432  INFO 6631 --- [restartedMain] .e.DevToolsPropertyDefaultsPostProcessor : For additional web related logging consider setting the 'logging.level.web' property to 'DEBUG'
2023-01-04 23:55:33.163  INFO 6631 --- [restartedMain] .s.d.r.c.RepositoryConfigurationDelegate : Bootstrapping Spring Data MongoDB repositories in DEFAULT mode.
2023-01-04 23:55:33.202  INFO 6631 --- [restartedMain] .s.d.r.c.RepositoryConfigurationDelegate : Finished Spring Data repository scanning in 36 ms. Found 2 MongoDB repository interfaces.
2023-01-04 23:55:33.411  INFO 6631 --- [restartedMain] trationDelegate$BeanPostProcessorChecker : Bean 'org.springframework.security.access.expression.method.DefaultMethodSecurityExpressionHandler@748ad085' of type [org.springframework.security.access.expression.method.DefaultMethodSecurityExpressionHandler] is not eligible for getting processed by all BeanPostProcessors (for example: not eligible for auto-proxying)
2023-01-04 23:55:33.413  INFO 6631 --- [restartedMain] trationDelegate$BeanPostProcessorChecker : Bean 'methodSecurityMetadataSource' of type [org.springframework.security.access.method.DelegatingMethodSecurityMetadataSource] is not eligible for getting processed by all BeanPostProcessors (for example: not eligible for auto-proxying)
2023-01-04 23:55:33.646  INFO 6631 --- [restartedMain] o.s.b.w.embedded.tomcat.TomcatWebServer  : Tomcat initialized with port(s): 8091 (http)
2023-01-04 23:55:33.655  INFO 6631 --- [restartedMain] o.apache.catalina.core.StandardService   : Starting service [Tomcat]
2023-01-04 23:55:33.656  INFO 6631 --- [restartedMain] org.apache.catalina.core.StandardEngine  : Starting Servlet engine: [Apache Tomcat/9.0.53]
2023-01-04 23:55:33.702  INFO 6631 --- [restartedMain] o.a.c.c.C.[Tomcat].[localhost].[/]       : Initializing Spring embedded WebApplicationContext
2023-01-04 23:55:33.703  INFO 6631 --- [restartedMain] w.s.c.ServletWebServerApplicationContext : Root WebApplicationContext: initialization completed in 1270 ms
2023-01-04 23:55:33.836  INFO 6631 --- [restartedMain] org.mongodb.driver.cluster               : Cluster created with settings {hosts=[localhost:27017], mode=SINGLE, requiredClusterType=UNKNOWN, serverSelectionTimeout='30000 ms'}
2023-01-04 23:55:33.884  INFO 6631 --- [cluster-rtt-ClusterId{value='63b5a1755dbfdb1ddf35c648', description='null'}-localhost:27017] org.mongodb.driver.connection            : Opened connection [connectionId{localValue:2, serverValue:51}] to localhost:27017
2023-01-04 23:55:33.884  INFO 6631 --- [cluster-ClusterId{value='63b5a1755dbfdb1ddf35c648', description='null'}-localhost:27017] org.mongodb.driver.connection            : Opened connection [connectionId{localValue:1, serverValue:52}] to localhost:27017
2023-01-04 23:55:33.886  INFO 6631 --- [cluster-ClusterId{value='63b5a1755dbfdb1ddf35c648', description='null'}-localhost:27017] org.mongodb.driver.cluster               : Monitor thread successfully connected to server with description ServerDescription{address=localhost:27017, type=STANDALONE, state=CONNECTED, ok=true, minWireVersion=0, maxWireVersion=17, maxDocumentSize=16777216, logicalSessionTimeoutMinutes=30, roundTripTimeNanos=18084429}
2023-01-04 23:55:34.039  INFO 6631 --- [restartedMain] org.mongodb.driver.connection            : Opened connection [connectionId{localValue:3, serverValue:53}] to localhost:27017
2023-01-04 23:55:34.209  INFO 6631 --- [restartedMain] o.s.b.d.a.OptionalLiveReloadServer       : LiveReload server is running on port 35729
2023-01-04 23:55:34.800  INFO 6631 --- [restartedMain] o.s.s.web.DefaultSecurityFilterChain     : Will secure any request with [org.springframework.security.web.context.request.async.WebAsyncManagerIntegrationFilter@2992ddc5, org.springframework.security.web.context.SecurityContextPersistenceFilter@33ea3248, org.springframework.security.web.header.HeaderWriterFilter@1e45002, org.springframework.security.web.authentication.logout.LogoutFilter@7d7c5177, gov.tech.gtbookclub.security.JwtRequestFilter@1a6c5788, org.springframework.security.web.authentication.www.BasicAuthenticationFilter@6c12db45, org.springframework.security.web.savedrequest.RequestCacheAwareFilter@6bb73163, org.springframework.security.web.servletapi.SecurityContextHolderAwareRequestFilter@3796c00e, org.springframework.security.web.authentication.AnonymousAuthenticationFilter@175a7f94, org.springframework.security.web.session.SessionManagementFilter@87120b7, org.springframework.security.web.access.ExceptionTranslationFilter@5a398437, org.springframework.security.web.access.intercept.FilterSecurityInterceptor@5fa840cd]
2023-01-04 23:55:34.858  INFO 6631 --- [restartedMain] o.s.b.w.embedded.tomcat.TomcatWebServer  : Tomcat started on port(s): 8091 (http) with context path ''
2023-01-04 23:55:34.859  INFO 6631 --- [restartedMain] d.s.w.p.DocumentationPluginsBootstrapper : Context refreshed
2023-01-04 23:55:34.874  INFO 6631 --- [restartedMain] d.s.w.p.DocumentationPluginsBootstrapper : Found 1 custom documentation plugin(s)
2023-01-04 23:55:34.883  INFO 6631 --- [restartedMain] s.d.s.w.s.ApiListingReferenceScanner     : Scanning for api listing references
2023-01-04 23:55:35.048  INFO 6631 --- [restartedMain] g.tech.gtbookclub.GtBookClubApplication  : Started GtBookClubApplication in 3.073 seconds (JVM running for 4.738)
2023-01-04 23:55:38.485  INFO 6631 --- [SpringApplicationShutdownHook] org.mongodb.driver.connection            : Closed connection [connectionId{localValue:3, serverValue:53}] to localhost:27017 because the pool has been closed.
